[debug] > Exec(early(addDefaultCommands), None, None)
[debug] > Exec(addDefaultCommands, None, None)
[debug] > Exec(early(initialize), None, None)
[debug] > Exec(initialize, None, None)
[debug] > Exec(boot, None, None)
[debug] > Exec(writeSbtVersion, None, None)
[debug] > Exec(reload, None, None)
[debug] > Exec(sbtStashOnFailure, None, None)
[debug] > Exec(onFailure loadFailed, None, None)
[debug] > Exec(loadp, None, None)
[info] welcome to sbt 1.5.5 (Amazon.com Inc. Java 1.8.0_292)
[debug]       Load.loadUnit: plugins took 428.9406ms
[debug]       Load.loadUnit: defsScala took 0.8022ms
[debug] [Loading] Scanning directory C:\Users\leduc\.sbt\1.0\plugins
[debug] [Loading] Found non-root projects 
[debug] [Loading] Done in C:\Users\leduc\.sbt\1.0\plugins, returning: ()
[debug] deducing auto plugins based on known facts Set(Atom(sbt.plugins.CorePlugin)) and clauses Clauses(Clause(Atom(sbt.plugins.JvmPlugin),Set(Atom(sbt.plugins.IvyPlugin)))
[debug] Clause(Atom(sbt.ScriptedPlugin),Set(Atom(sbt.plugins.JvmPlugin)))
[debug] Clause(Atom(sbt.plugins.SbtPlugin),Set(Atom(sbt.ScriptedPlugin)))
[debug] Clause(Atom(sbt.plugins.SemanticdbPlugin),Set(Atom(sbt.plugins.JvmPlugin)))
[debug] Clause(Atom(sbt.plugins.JUnitXmlReportPlugin),Set(Atom(sbt.plugins.JvmPlugin)))
[debug] Clause(Atom(sbt.plugins.MiniDependencyTreePlugin),Set(Atom(sbt.plugins.JvmPlugin)))
[debug] Clause(Atom(sbt.plugins.CorePlugin),Set(Atom(sbt.plugins.IvyPlugin)))
[debug] Clause(Atom(sbt.plugins.IvyPlugin),Set(Atom(sbt.plugins.JvmPlugin)))
[debug] Clause(Atom(sbt.plugins.JvmPlugin),Set(Atom(sbt.plugins.SemanticdbPlugin)))
[debug] Clause(Atom(sbt.plugins.JvmPlugin),Set(Atom(sbt.plugins.JUnitXmlReportPlugin)))
[debug] Clause(Atom(sbt.plugins.CorePlugin),Set(Atom(sbt.plugins.Giter8TemplatePlugin)))
[debug] Clause(Atom(sbt.plugins.JvmPlugin),Set(Atom(sbt.plugins.MiniDependencyTreePlugin))))
[debug]   :: deduced result: Matched(sbt.plugins.CorePlugin,sbt.plugins.Giter8TemplatePlugin,sbt.plugins.IvyPlugin,sbt.plugins.JvmPlugin,sbt.plugins.MiniDependencyTreePlugin,sbt.plugins.JUnitXmlReportPlugin,sbt.plugins.SemanticdbPlugin)
[debug] Plugins.deducer#function took 71.7073 ms
[debug]           Load.resolveProject(global-plugins) took 274.1473ms
[debug]         Load.loadTransitive: finalizeProject(Project(id global-plugins, base: C:\Users\leduc\.sbt\1.0\plugins, plugins: List(<none>))) took 420.8887ms
[debug] [Loading] Done in C:\Users\leduc\.sbt\1.0\plugins, returning: (global-plugins)
[debug]       Load.loadUnit: loadedProjectsRaw took 479.2268ms
[debug]       Load.loadUnit: cleanEvalClasses took 0.609ms
[debug]     Load.loadUnit(file:/C:/Users/leduc/.sbt/1.0/plugins/, ...) took 931.395ms
[debug]   Load.apply: load took 1821.113ms
[debug]   Load.apply: resolveProjects took 25.5821ms
[debug]   Load.apply: finalTransforms took 183.0571ms
[debug]   Load.apply: config.delegates took 25.4405ms
[debug]   Load.apply: Def.make(settings)... took 994.2615ms
[debug]   Load.apply: structureIndex took 220.3481ms
[debug]   Load.apply: mkStreams took 4.349ms
[info] loading global plugins from C:\Users\leduc\.sbt\1.0\plugins
[debug] Running task... Cancel: Signal, check cycles: false, forcegc: true
[debug] Load.defaultLoad until apply took 21518.1595ms
[debug]           Load.loadUnit: plugins took 56.2298ms
[debug]           Load.loadUnit: defsScala took 0.0071ms
[debug] [Loading] Scanning directory E:\HDL\CHISEL projects\DQN-FPGA\project
[debug] [Loading] Found non-root projects 
[debug] [Loading] Done in E:\HDL\CHISEL projects\DQN-FPGA\project, returning: ()
[debug] deducing auto plugins based on known facts Set(Atom(sbt.plugins.CorePlugin)) and clauses Clauses(Clause(Atom(sbt.plugins.JvmPlugin),Set(Atom(sbt.plugins.IvyPlugin)))
[debug] Clause(Atom(sbt.ScriptedPlugin),Set(Atom(sbt.plugins.JvmPlugin)))
[debug] Clause(Atom(sbt.plugins.SbtPlugin),Set(Atom(sbt.ScriptedPlugin)))
[debug] Clause(Atom(sbt.plugins.SemanticdbPlugin),Set(Atom(sbt.plugins.JvmPlugin)))
[debug] Clause(Atom(sbt.plugins.JUnitXmlReportPlugin),Set(Atom(sbt.plugins.JvmPlugin)))
[debug] Clause(Atom(sbt.plugins.MiniDependencyTreePlugin),Set(Atom(sbt.plugins.JvmPlugin)))
[debug] Clause(Atom(sbt.plugins.CorePlugin),Set(Atom(sbt.plugins.IvyPlugin)))
[debug] Clause(Atom(sbt.plugins.IvyPlugin),Set(Atom(sbt.plugins.JvmPlugin)))
[debug] Clause(Atom(sbt.plugins.JvmPlugin),Set(Atom(sbt.plugins.SemanticdbPlugin)))
[debug] Clause(Atom(sbt.plugins.JvmPlugin),Set(Atom(sbt.plugins.JUnitXmlReportPlugin)))
[debug] Clause(Atom(sbt.plugins.CorePlugin),Set(Atom(sbt.plugins.Giter8TemplatePlugin)))
[debug] Clause(Atom(sbt.plugins.JvmPlugin),Set(Atom(sbt.plugins.MiniDependencyTreePlugin))))
[debug]   :: deduced result: Matched(sbt.plugins.CorePlugin,sbt.plugins.Giter8TemplatePlugin,sbt.plugins.IvyPlugin,sbt.plugins.JvmPlugin,sbt.plugins.MiniDependencyTreePlugin,sbt.plugins.JUnitXmlReportPlugin,sbt.plugins.SemanticdbPlugin)
[debug] Plugins.deducer#function took 3.8539 ms
[debug]               Load.resolveProject(dqn-fpga-build) took 5.5823ms
[debug]             Load.loadTransitive: finalizeProject(Project(id dqn-fpga-build, base: E:\HDL\CHISEL projects\DQN-FPGA\project, plugins: List(<none>))) took 10.3294ms
[debug] [Loading] Done in E:\HDL\CHISEL projects\DQN-FPGA\project, returning: (dqn-fpga-build)
[debug]           Load.loadUnit: loadedProjectsRaw took 13.3919ms
[debug]           Load.loadUnit: cleanEvalClasses took 0.0276ms
[debug]         Load.loadUnit(file:/E:/HDL/CHISEL%20projects/DQN-FPGA/project/, ...) took 71.6905ms
[debug]       Load.apply: load took 78.1536ms
[debug]       Load.apply: resolveProjects took 0.5475ms
[debug]       Load.apply: finalTransforms took 21.4378ms
[debug]       Load.apply: config.delegates took 0.9678ms
[debug]       Load.apply: Def.make(settings)... took 200.9625ms
[debug]       Load.apply: structureIndex took 65.5823ms
[debug]       Load.apply: mkStreams took 0.0049ms
[info] loading project definition from E:\HDL\CHISEL projects\DQN-FPGA\project
[debug] Running task... Cancel: Signal, check cycles: false, forcegc: true
[debug]     Load.loadUnit: plugins took 1113.1006ms
[debug]     Load.loadUnit: defsScala took 0.0073ms
[debug] [Loading] Scanning directory E:\HDL\CHISEL projects\DQN-FPGA
[debug]       Load.loadUnit: mkEval took 27.4211ms
[debug] [Loading] Found non-root projects 
[debug] [Loading] Done in E:\HDL\CHISEL projects\DQN-FPGA, returning: ()
[debug] deducing auto plugins based on known facts Set(Atom(sbt.plugins.CorePlugin)) and clauses Clauses(Clause(Atom(sbt.plugins.JvmPlugin),Set(Atom(sbt.plugins.IvyPlugin)))
[debug] Clause(Atom(sbt.ScriptedPlugin),Set(Atom(sbt.plugins.JvmPlugin)))
[debug] Clause(Atom(sbt.plugins.SbtPlugin),Set(Atom(sbt.ScriptedPlugin)))
[debug] Clause(Atom(sbt.plugins.SemanticdbPlugin),Set(Atom(sbt.plugins.JvmPlugin)))
[debug] Clause(Atom(sbt.plugins.JUnitXmlReportPlugin),Set(Atom(sbt.plugins.JvmPlugin)))
[debug] Clause(Atom(sbt.plugins.MiniDependencyTreePlugin),Set(Atom(sbt.plugins.JvmPlugin)))
[debug] Clause(Atom(sbt.plugins.CorePlugin),Set(Atom(sbt.plugins.IvyPlugin)))
[debug] Clause(Atom(sbt.plugins.IvyPlugin),Set(Atom(sbt.plugins.JvmPlugin)))
[debug] Clause(Atom(sbt.plugins.JvmPlugin),Set(Atom(sbt.plugins.SemanticdbPlugin)))
[debug] Clause(Atom(sbt.plugins.JvmPlugin),Set(Atom(sbt.plugins.JUnitXmlReportPlugin)))
[debug] Clause(Atom(sbt.plugins.CorePlugin),Set(Atom(sbt.plugins.Giter8TemplatePlugin)))
[debug] Clause(Atom(sbt.plugins.JvmPlugin),Set(Atom(sbt.plugins.MiniDependencyTreePlugin))))
[debug]   :: deduced result: Matched(sbt.plugins.CorePlugin,sbt.plugins.Giter8TemplatePlugin,sbt.plugins.IvyPlugin,sbt.plugins.JvmPlugin,sbt.plugins.MiniDependencyTreePlugin,sbt.plugins.JUnitXmlReportPlugin,sbt.plugins.SemanticdbPlugin)
[debug] Plugins.deducer#function took 2.5483 ms
[info] loading settings for project dqn-fpga from build.sbt ...
[debug]         Load.resolveProject(dqn-fpga) took 4.1699ms
[debug]       Load.loadTransitive: finalizeProject(Project(id dqn-fpga, base: E:\HDL\CHISEL projects\DQN-FPGA, plugins: List(<none>))) took 7.7112ms
[debug] [Loading] Done in E:\HDL\CHISEL projects\DQN-FPGA, returning: (dqn-fpga)
[debug]     Load.loadUnit: loadedProjectsRaw took 9667.489ms
[debug]     Load.loadUnit: cleanEvalClasses took 12.4375ms
[debug]   Load.loadUnit(file:/E:/HDL/CHISEL%20projects/DQN-FPGA/, ...) took 10794.5622ms
[debug] Load.apply: load took 10798.0514ms
[debug] Load.apply: resolveProjects took 0.2065ms
[debug] Load.apply: finalTransforms took 41.0656ms
[debug] Load.apply: config.delegates took 0.8169ms
[debug] Load.apply: Def.make(settings)... took 283.7268ms
[debug] Load.apply: structureIndex took 123.8524ms
[debug] Load.apply: mkStreams took 0.0064ms
[info] set current project to DQN-FPGA (in build file:/E:/HDL/CHISEL%20projects/DQN-FPGA/)
[debug] > Exec(sbtPopOnFailure, None, None)
[debug] > Exec(resumeFromFailure, None, None)
[debug] > Exec(notifyUsersAboutShell, None, None)
[debug] > Exec(iflast shell, None, None)
[debug] > Exec(shell, None, None)
[info] sbt server started at local:sbt-server-f6fdb48eb5daddf162c0
[debug] Writing bsp connection file
[info] started sbt server
