[0m2021.11.17 22:32:50 INFO  Started: Metals version 0.10.9 in workspace '/media/vudle/Working documents/HDL/Chisel/DQN-FPGA/src' for client Visual Studio Code 1.62.2.[0m
[0m2021.11.17 22:32:50 INFO  time: initialize in 0.51s[0m
[0m2021.11.17 22:32:51 WARN  Build server is not auto-connectable.[0m
[0m2021.11.17 22:32:51 WARN  no build tool detected in workspace '/media/vudle/Working documents/HDL/Chisel/DQN-FPGA/src'. The most common cause for this problem is that the editor was opened in the wrong working directory, for example if you use sbt then the workspace directory should contain build.sbt. [0m
[0m2021.11.17 22:32:51 WARN  no build target for: /media/vudle/Working documents/HDL/Chisel/DQN-FPGA/src/test/scala/DNN/NeuronTester.scala[0m
[0m2021.11.17 22:33:33 INFO  no build target: using presentation compiler with only scala-library: 3.1.0[0m
[0m2021.11.17 22:36:30 INFO  shutting down Metals[0m
[0m2021.11.17 22:36:32 INFO  time: code lens generation in 3m39s[0m
[0m2021.12.03 00:41:20 INFO  Started: Metals version 0.10.9 in workspace '/media/vudle/Working documents/HDL/Chisel/DQN-FPGA/src' for client Visual Studio Code 1.62.2.[0m
[0m2021.12.03 00:41:23 INFO  time: initialize in 3.37s[0m
[0m2021.12.03 00:41:24 WARN  Build server is not auto-connectable.[0m
[0m2021.12.03 00:41:24 WARN  no build tool detected in workspace '/media/vudle/Working documents/HDL/Chisel/DQN-FPGA/src'. The most common cause for this problem is that the editor was opened in the wrong working directory, for example if you use sbt then the workspace directory should contain build.sbt. [0m
[0m2021.12.03 00:41:25 WARN  no build target for: /media/vudle/Working documents/HDL/Chisel/DQN-FPGA/src/main/scala/dnn/PE.scala[0m
[0m2021.12.03 00:41:46 INFO  no build target: using presentation compiler with only scala-library: 3.1.0[0m
[0m2021.12.03 01:07:35 WARN  no build target for: /media/vudle/Working documents/HDL/Chisel/DQN-FPGA/src/main/scala/dnn/PE.scala[0m
[0m2021.12.03 01:07:42 INFO  shutting down Metals[0m
[0m2021.12.04 14:50:22 INFO  Started: Metals version 0.10.9 in workspace '/media/vudle/Working documents/HDL/Chisel/DQN-FPGA/src' for client Visual Studio Code 1.62.2.[0m
[0m2021.12.04 14:50:23 INFO  time: initialize in 1.87s[0m
[0m2021.12.04 14:50:24 WARN  Build server is not auto-connectable.[0m
[0m2021.12.04 14:50:24 WARN  no build tool detected in workspace '/media/vudle/Working documents/HDL/Chisel/DQN-FPGA/src'. The most common cause for this problem is that the editor was opened in the wrong working directory, for example if you use sbt then the workspace directory should contain build.sbt. [0m
[0m2021.12.04 14:50:24 WARN  no build target for: /media/vudle/Working documents/HDL/Chisel/DQN-FPGA/src/main/scala/dnn/PE.scala[0m
[0m2021.12.04 14:50:27 INFO  no build target: using presentation compiler with only scala-library: 3.1.0[0m
[0m2021.12.04 14:50:30 INFO  time: code lens generation in 1.46s[0m
[0m2021.12.04 14:50:30 INFO  time: code lens generation in 5.6s[0m
[0m2021.12.04 14:50:45 WARN  no build target for: /media/vudle/Working documents/HDL/Chisel/DQN-FPGA/src/test/scala/dnn/PETester.scala[0m
[0m2021.12.04 14:54:51 WARN  no build target for: /media/vudle/Working documents/HDL/Chisel/DQN-FPGA/src/test/scala/dnn/PETester.scala[0m
[0m2021.12.04 14:54:51 WARN  no build target for: /media/vudle/Working documents/HDL/Chisel/DQN-FPGA/src/main/scala/dnn/PE.scala[0m
Dec 04, 2021 2:54:58 PM org.eclipse.lsp4j.jsonrpc.services.GenericEndpoint notify
INFO: Unsupported notification method: $/setTrace
[0m2021.12.04 14:57:21 WARN  no build target for: /media/vudle/Working documents/HDL/Chisel/DQN-FPGA/src/test/scala/dnn/FixedPointSoftware.scala[0m
[0m2021.12.04 14:57:55 WARN  no build target for: /media/vudle/Working documents/HDL/Chisel/DQN-FPGA/src/test/scala/dnn/PETester.scala[0m
[0m2021.12.04 14:57:58 WARN  no build target for: /media/vudle/Working documents/HDL/Chisel/DQN-FPGA/src/test/scala/dnn/PETester.scala[0m
[0m2021.12.04 14:59:29 WARN  no build target for: /media/vudle/Working documents/HDL/Chisel/DQN-FPGA/src/test/scala/dnn/PETester.scala[0m
Dec 04, 2021 3:48:25 PM org.eclipse.lsp4j.jsonrpc.RemoteEndpoint fallbackResponseError
SEVERE: Internal error: java.lang.reflect.InvocationTargetException
java.lang.RuntimeException: java.lang.reflect.InvocationTargetException
	at org.eclipse.lsp4j.jsonrpc.services.GenericEndpoint.lambda$null$0(GenericEndpoint.java:67)
	at org.eclipse.lsp4j.jsonrpc.services.GenericEndpoint.request(GenericEndpoint.java:120)
	at org.eclipse.lsp4j.jsonrpc.RemoteEndpoint.handleRequest(RemoteEndpoint.java:261)
	at org.eclipse.lsp4j.jsonrpc.RemoteEndpoint.consume(RemoteEndpoint.java:190)
	at org.eclipse.lsp4j.jsonrpc.json.StreamMessageProducer.handleMessage(StreamMessageProducer.java:194)
	at org.eclipse.lsp4j.jsonrpc.json.StreamMessageProducer.listen(StreamMessageProducer.java:94)
	at org.eclipse.lsp4j.jsonrpc.json.ConcurrentMessageProcessor.run(ConcurrentMessageProcessor.java:113)
	at java.base/java.util.concurrent.Executors$RunnableAdapter.call(Executors.java:515)
	at java.base/java.util.concurrent.FutureTask.run(FutureTask.java:264)
	at java.base/java.util.concurrent.ThreadPoolExecutor.runWorker(ThreadPoolExecutor.java:1128)
	at java.base/java.util.concurrent.ThreadPoolExecutor$Worker.run(ThreadPoolExecutor.java:628)
	at java.base/java.lang.Thread.run(Thread.java:829)
Caused by: java.lang.reflect.InvocationTargetException
	at jdk.internal.reflect.GeneratedMethodAccessor3.invoke(Unknown Source)
	at java.base/jdk.internal.reflect.DelegatingMethodAccessorImpl.invoke(DelegatingMethodAccessorImpl.java:43)
	at java.base/java.lang.reflect.Method.invoke(Method.java:566)
	at org.eclipse.lsp4j.jsonrpc.services.GenericEndpoint.lambda$null$0(GenericEndpoint.java:65)
	... 11 more
Caused by: java.lang.IllegalArgumentException: 86 is not a valid line number, allowed [0..82]
	at scala.meta.internal.inputs.InternalInput.lineToOffset(InternalInput.scala:37)
	at scala.meta.internal.inputs.InternalInput.lineToOffset$(InternalInput.scala:32)
	at scala.meta.inputs.Input$VirtualFile.lineToOffset(Input.scala:80)
	at scala.meta.inputs.Position$Range$.apply(Position.scala:59)
	at scala.meta.internal.mtags.MtagsEnrichments$XtensionPositionLspInverse.toMeta(MtagsEnrichments.scala:133)
	at scala.meta.internal.parsing.Trees.$anonfun$findLastEnclosingAt$4(Trees.scala:77)
	at scala.Option.flatMap(Option.scala:271)
	at scala.meta.internal.parsing.Trees.findLastEnclosingAt(Trees.scala:76)
	at scala.meta.internal.metals.codeactions.PatternMatchRefactor.contribute(PatternMatchRefactor.scala:96)
	at scala.meta.internal.metals.CodeActionProvider$$anonfun$1.applyOrElse(CodeActionProvider.scala:62)
	at scala.meta.internal.metals.CodeActionProvider$$anonfun$1.applyOrElse(CodeActionProvider.scala:61)
	at scala.collection.immutable.List.collect(List.scala:323)
	at scala.meta.internal.metals.CodeActionProvider.codeActions(CodeActionProvider.scala:61)
	at scala.meta.internal.metals.MetalsLanguageServer.$anonfun$codeAction$1(MetalsLanguageServer.scala:1555)
	at scala.meta.internal.metals.CancelTokens$.future(CancelTokens.scala:38)
	at scala.meta.internal.metals.MetalsLanguageServer.codeAction(MetalsLanguageServer.scala:1554)
	... 15 more

Dec 04, 2021 3:48:45 PM org.eclipse.lsp4j.jsonrpc.RemoteEndpoint handleCancellation
WARNING: Unmatched cancel notification for request id 558
[0m2021.12.04 15:48:55 WARN  no build target for: /media/vudle/Working documents/HDL/Chisel/DQN-FPGA/src/test/scala/dnn/PETester.scala[0m
Dec 04, 2021 3:51:09 PM org.eclipse.lsp4j.jsonrpc.RemoteEndpoint fallbackResponseError
SEVERE: Internal error: java.lang.reflect.InvocationTargetException
java.lang.RuntimeException: java.lang.reflect.InvocationTargetException
	at org.eclipse.lsp4j.jsonrpc.services.GenericEndpoint.lambda$null$0(GenericEndpoint.java:67)
	at org.eclipse.lsp4j.jsonrpc.services.GenericEndpoint.request(GenericEndpoint.java:120)
	at org.eclipse.lsp4j.jsonrpc.RemoteEndpoint.handleRequest(RemoteEndpoint.java:261)
	at org.eclipse.lsp4j.jsonrpc.RemoteEndpoint.consume(RemoteEndpoint.java:190)
	at org.eclipse.lsp4j.jsonrpc.json.StreamMessageProducer.handleMessage(StreamMessageProducer.java:194)
	at org.eclipse.lsp4j.jsonrpc.json.StreamMessageProducer.listen(StreamMessageProducer.java:94)
	at org.eclipse.lsp4j.jsonrpc.json.ConcurrentMessageProcessor.run(ConcurrentMessageProcessor.java:113)
	at java.base/java.util.concurrent.Executors$RunnableAdapter.call(Executors.java:515)
	at java.base/java.util.concurrent.FutureTask.run(FutureTask.java:264)
	at java.base/java.util.concurrent.ThreadPoolExecutor.runWorker(ThreadPoolExecutor.java:1128)
	at java.base/java.util.concurrent.ThreadPoolExecutor$Worker.run(ThreadPoolExecutor.java:628)
	at java.base/java.lang.Thread.run(Thread.java:829)
Caused by: java.lang.reflect.InvocationTargetException
	at jdk.internal.reflect.GeneratedMethodAccessor3.invoke(Unknown Source)
	at java.base/jdk.internal.reflect.DelegatingMethodAccessorImpl.invoke(DelegatingMethodAccessorImpl.java:43)
	at java.base/java.lang.reflect.Method.invoke(Method.java:566)
	at org.eclipse.lsp4j.jsonrpc.services.GenericEndpoint.lambda$null$0(GenericEndpoint.java:65)
	... 11 more
Caused by: java.lang.IllegalArgumentException: 92 is not a valid line number, allowed [0..87]
	at scala.meta.internal.inputs.InternalInput.lineToOffset(InternalInput.scala:37)
	at scala.meta.internal.inputs.InternalInput.lineToOffset$(InternalInput.scala:32)
	at scala.meta.inputs.Input$VirtualFile.lineToOffset(Input.scala:80)
	at scala.meta.inputs.Position$Range$.apply(Position.scala:59)
	at scala.meta.internal.mtags.MtagsEnrichments$XtensionPositionLspInverse.toMeta(MtagsEnrichments.scala:133)
	at scala.meta.internal.parsing.Trees.$anonfun$findLastEnclosingAt$4(Trees.scala:77)
	at scala.Option.flatMap(Option.scala:271)
	at scala.meta.internal.parsing.Trees.findLastEnclosingAt(Trees.scala:76)
	at scala.meta.internal.metals.codeactions.PatternMatchRefactor.contribute(PatternMatchRefactor.scala:96)
	at scala.meta.internal.metals.CodeActionProvider$$anonfun$1.applyOrElse(CodeActionProvider.scala:62)
	at scala.meta.internal.metals.CodeActionProvider$$anonfun$1.applyOrElse(CodeActionProvider.scala:61)
	at scala.collection.immutable.List.collect(List.scala:323)
	at scala.meta.internal.metals.CodeActionProvider.codeActions(CodeActionProvider.scala:61)
	at scala.meta.internal.metals.MetalsLanguageServer.$anonfun$codeAction$1(MetalsLanguageServer.scala:1555)
	at scala.meta.internal.metals.CancelTokens$.future(CancelTokens.scala:38)
	at scala.meta.internal.metals.MetalsLanguageServer.codeAction(MetalsLanguageServer.scala:1554)
	... 15 more

[0m2021.12.04 16:34:35 INFO  shutting down Metals[0m
[0m2021.12.17 11:48:35 INFO  Started: Metals version 0.10.9 in workspace '/media/vudle/Working documents/HDL/Chisel/DQN-FPGA/src' for client Visual Studio Code 1.62.2.[0m
[0m2021.12.17 11:48:37 INFO  time: initialize in 2.57s[0m
[0m2021.12.17 11:48:39 WARN  Build server is not auto-connectable.[0m
[0m2021.12.17 11:48:39 WARN  no build tool detected in workspace '/media/vudle/Working documents/HDL/Chisel/DQN-FPGA/src'. The most common cause for this problem is that the editor was opened in the wrong working directory, for example if you use sbt then the workspace directory should contain build.sbt. [0m
[0m2021.12.17 11:48:39 WARN  no build target for: /media/vudle/Working documents/HDL/Chisel/DQN-FPGA/src/test/scala/dnn/FixedPointSoftware.scala[0m
[0m2021.12.17 11:48:39 WARN  no build target for: /media/vudle/Working documents/HDL/Chisel/DQN-FPGA/src/test/scala/dnn/PETester.scala[0m
[0m2021.12.17 11:48:39 WARN  no build target for: /media/vudle/Working documents/HDL/Chisel/DQN-FPGA/src/main/scala/dnn/PE.scala[0m
[0m2021.12.17 11:48:44 INFO  no build target: using presentation compiler with only scala-library: 3.1.0[0m
[0m2021.12.17 11:48:48 INFO  time: code lens generation in 7.02s[0m
[0m2021.12.17 11:48:48 INFO  time: code lens generation in 7.02s[0m
[0m2021.12.17 11:51:25 WARN  no build target for: /media/vudle/Working documents/HDL/Chisel/DQN-FPGA/src/test/scala/dnn/PETester.scala[0m
[0m2021.12.17 11:52:26 WARN  no build target for: /media/vudle/Working documents/HDL/Chisel/DQN-FPGA/src/test/scala/dnn/PETester.scala[0m
[0m2021.12.17 17:30:04 INFO  Started: Metals version 0.10.9 in workspace '/media/vudle/Working documents/HDL/Chisel/DQN-FPGA/src' for client Visual Studio Code 1.62.2.[0m
[0m2021.12.17 17:30:06 INFO  time: initialize in 1.78s[0m
[0m2021.12.17 17:30:10 WARN  Build server is not auto-connectable.[0m
[0m2021.12.17 17:30:10 WARN  no build tool detected in workspace '/media/vudle/Working documents/HDL/Chisel/DQN-FPGA/src'. The most common cause for this problem is that the editor was opened in the wrong working directory, for example if you use sbt then the workspace directory should contain build.sbt. [0m
[0m2021.12.17 17:30:11 WARN  no build target for: /media/vudle/Working documents/HDL/Chisel/DQN-FPGA/src/test/scala/dnn/PETester.scala[0m
[0m2021.12.17 17:30:11 WARN  no build target for: /media/vudle/Working documents/HDL/Chisel/DQN-FPGA/src/main/scala/dnn/PE.scala[0m
[0m2021.12.17 17:30:14 INFO  no build target: using presentation compiler with only scala-library: 3.1.0[0m
[0m2021.12.17 17:30:16 INFO  time: code lens generation in 4.23s[0m
[0m2021.12.17 17:30:16 INFO  time: code lens generation in 4.3s[0m
[0m2021.12.17 17:31:02 WARN  no build target for: /media/vudle/Working documents/HDL/Chisel/DQN-FPGA/src/main/scala/dnn/PE.scala[0m
[0m2021.12.17 17:32:18 WARN  no build target for: /media/vudle/Working documents/HDL/Chisel/DQN-FPGA/src/main/scala/dnn/PE.scala[0m
[0m2021.12.17 17:36:36 WARN  no build target for: /media/vudle/Working documents/HDL/Chisel/DQN-FPGA/src/main/scala/dnn/PE.scala[0m
[0m2021.12.17 17:38:30 WARN  no build target for: /media/vudle/Working documents/HDL/Chisel/DQN-FPGA/src/test/scala/dnn/PETester.scala[0m
[0m2021.12.17 17:40:36 WARN  no build target for: /media/vudle/Working documents/HDL/Chisel/DQN-FPGA/src/test/scala/dnn/PETester.scala[0m
[0m2021.12.17 21:01:54 WARN  no build target for: /media/vudle/Working documents/HDL/Chisel/DQN-FPGA/src/main/scala/dnn/PE.scala[0m
[0m2021.12.17 21:02:24 WARN  no build target for: /media/vudle/Working documents/HDL/Chisel/DQN-FPGA/src/main/scala/dnn/PE.scala[0m
[0m2021.12.17 21:03:15 WARN  no build target for: /media/vudle/Working documents/HDL/Chisel/DQN-FPGA/src/main/scala/dnn/PE.scala[0m
[0m2021.12.17 21:07:42 WARN  no build target for: /media/vudle/Working documents/HDL/Chisel/DQN-FPGA/src/test/scala/dnn/PETester.scala[0m
[0m2021.12.17 21:11:50 WARN  no build target for: /media/vudle/Working documents/HDL/Chisel/DQN-FPGA/src/test/scala/dnn/PETester.scala[0m
[0m2021.12.17 21:14:50 WARN  no build target for: /media/vudle/Working documents/HDL/Chisel/DQN-FPGA/src/main/scala/dnn/PE.scala[0m
[0m2021.12.17 21:28:57 WARN  no build target for: /media/vudle/Working documents/HDL/Chisel/DQN-FPGA/src/main/scala/dnn/PE.scala[0m
[0m2021.12.17 22:01:44 INFO  Started: Metals version 0.10.9 in workspace '/media/vudle/Working documents/HDL/Chisel/DQN-FPGA/src' for client Visual Studio Code 1.62.2.[0m
[0m2021.12.17 22:01:46 INFO  time: initialize in 2.27s[0m
[0m2021.12.17 22:01:51 WARN  Build server is not auto-connectable.[0m
[0m2021.12.17 22:01:51 WARN  no build tool detected in workspace '/media/vudle/Working documents/HDL/Chisel/DQN-FPGA/src'. The most common cause for this problem is that the editor was opened in the wrong working directory, for example if you use sbt then the workspace directory should contain build.sbt. [0m
[0m2021.12.17 22:01:51 WARN  no build target for: /media/vudle/Working documents/HDL/Chisel/DQN-FPGA/src/main/scala/dnn/PE.scala[0m
[0m2021.12.17 22:01:51 WARN  no build target for: /media/vudle/Working documents/HDL/Chisel/DQN-FPGA/src/test/scala/dnn/PETester.scala[0m
[0m2021.12.17 22:01:55 INFO  no build target: using presentation compiler with only scala-library: 3.1.0[0m
[0m2021.12.17 22:01:58 INFO  time: code lens generation in 5.93s[0m
[0m2021.12.17 22:01:58 INFO  time: code lens generation in 5.92s[0m
Dec 17, 2021 10:05:35 PM org.eclipse.lsp4j.jsonrpc.RemoteEndpoint handleCancellation
WARNING: Unmatched cancel notification for request id 143
[0m2021.12.17 22:05:37 WARN  no build target for: /media/vudle/Working documents/HDL/Chisel/DQN-FPGA/src/main/scala/dnn/PE.scala[0m
[0m2021.12.17 22:13:14 WARN  no build target for: /media/vudle/Working documents/HDL/Chisel/DQN-FPGA/src/main/scala/dnn/PE.scala[0m
[0m2021.12.17 22:25:13 WARN  no build target for: /media/vudle/Working documents/HDL/Chisel/DQN-FPGA/src/main/scala/dnn/PE.scala[0m
[0m2021.12.17 22:25:17 WARN  no build target for: /media/vudle/Working documents/HDL/Chisel/DQN-FPGA/src/main/scala/dnn/PEArray.scala[0m
[0m2021.12.17 22:27:07 WARN  no build target for: /media/vudle/Working documents/HDL/Chisel/DQN-FPGA/src/test/scala/dnn/FixedPointSoftware.scala[0m
Dec 17, 2021 10:28:38 PM org.eclipse.lsp4j.jsonrpc.RemoteEndpoint handleCancellation
WARNING: Unmatched cancel notification for request id 301
Dec 17, 2021 10:28:38 PM org.eclipse.lsp4j.jsonrpc.RemoteEndpoint handleCancellation
WARNING: Unmatched cancel notification for request id 304
Dec 17, 2021 10:28:39 PM org.eclipse.lsp4j.jsonrpc.RemoteEndpoint handleCancellation
WARNING: Unmatched cancel notification for request id 305
Dec 17, 2021 10:28:40 PM org.eclipse.lsp4j.jsonrpc.RemoteEndpoint handleCancellation
WARNING: Unmatched cancel notification for request id 318
Dec 17, 2021 10:28:41 PM org.eclipse.lsp4j.jsonrpc.RemoteEndpoint handleCancellation
WARNING: Unmatched cancel notification for request id 323
[0m2021.12.17 22:29:28 WARN  no build target for: /media/vudle/Working documents/HDL/Chisel/DQN-FPGA/src/test/scala/dnn/FixedPointSoftware.scala[0m
[0m2021.12.17 22:34:33 WARN  no build target for: /media/vudle/Working documents/HDL/Chisel/DQN-FPGA/src/test/scala/dnn/FixedPointSoftware.scala[0m
[0m2021.12.17 22:36:23 WARN  no build target for: /media/vudle/Working documents/HDL/Chisel/DQN-FPGA/src/test/scala/dnn/FixedPointSoftware.scala[0m
Dec 17, 2021 10:36:34 PM org.eclipse.lsp4j.jsonrpc.RemoteEndpoint handleCancellation
WARNING: Unmatched cancel notification for request id 1062
[0m2021.12.17 22:37:49 WARN  no build target for: /media/vudle/Working documents/HDL/Chisel/DQN-FPGA/src/test/scala/dnn/PETester.scala[0m
[0m2021.12.17 22:37:52 INFO  shutting down Metals[0m
[0m2021.12.18 20:34:14 INFO  Started: Metals version 0.10.9 in workspace '/media/vudle/Working documents/HDL/Chisel/DQN-FPGA/src' for client Visual Studio Code 1.62.2.[0m
[0m2021.12.18 20:34:16 INFO  time: initialize in 2.06s[0m
[0m2021.12.18 20:34:17 WARN  Build server is not auto-connectable.[0m
[0m2021.12.18 20:34:17 WARN  no build tool detected in workspace '/media/vudle/Working documents/HDL/Chisel/DQN-FPGA/src'. The most common cause for this problem is that the editor was opened in the wrong working directory, for example if you use sbt then the workspace directory should contain build.sbt. [0m
[0m2021.12.18 20:34:17 WARN  no build target for: /media/vudle/Working documents/HDL/Chisel/DQN-FPGA/src/test/scala/dnn/FixedPointSoftware.scala[0m
[0m2021.12.18 20:34:17 WARN  no build target for: /media/vudle/Working documents/HDL/Chisel/DQN-FPGA/src/test/scala/dnn/PETester.scala[0m
[0m2021.12.18 20:34:20 INFO  no build target: using presentation compiler with only scala-library: 3.1.0[0m
[0m2021.12.18 20:34:25 INFO  time: code lens generation in 7.72s[0m
[0m2021.12.18 20:34:25 INFO  time: code lens generation in 7.72s[0m
[0m2021.12.18 21:07:35 WARN  no build target for: /media/vudle/Working documents/HDL/Chisel/DQN-FPGA/src/main/scala/dnn/PE.scala[0m
[0m2021.12.18 21:08:13 WARN  no build target for: /media/vudle/Working documents/HDL/Chisel/DQN-FPGA/src/main/scala/dnn/PE.scala[0m
[0m2021.12.18 21:15:38 WARN  no build target for: /media/vudle/Working documents/HDL/Chisel/DQN-FPGA/src/main/scala/dnn/PE.scala[0m
[0m2021.12.18 21:15:38 WARN  no build target for: /media/vudle/Working documents/HDL/Chisel/DQN-FPGA/src/main/scala/dnn/PE.scala[0m
Dec 18, 2021 9:16:22 PM org.eclipse.lsp4j.jsonrpc.RemoteEndpoint handleCancellation
WARNING: Unmatched cancel notification for request id 134
[0m2021.12.18 21:16:39 WARN  no build target for: /media/vudle/Working documents/HDL/Chisel/DQN-FPGA/src/test/scala/dnn/FixedPointSoftware.scala[0m
[0m2021.12.18 21:16:44 WARN  no build target for: /media/vudle/Working documents/HDL/Chisel/DQN-FPGA/src/main/scala/dnn/PEArray.scala[0m
[0m2021.12.18 21:18:23 WARN  no build target for: /media/vudle/Working documents/HDL/Chisel/DQN-FPGA/src/main/scala/dnn/PE.scala[0m
[0m2021.12.18 21:19:23 WARN  no build target for: /media/vudle/Working documents/HDL/Chisel/DQN-FPGA/src/main/scala/dnn/PE.scala[0m
[0m2021.12.18 21:26:38 WARN  no build target for: /media/vudle/Working documents/HDL/Chisel/DQN-FPGA/src/main/scala/dnn/utils.scala[0m
Dec 18, 2021 9:30:53 PM org.eclipse.lsp4j.jsonrpc.RemoteEndpoint handleCancellation
WARNING: Unmatched cancel notification for request id 1439
Dec 18, 2021 9:31:24 PM org.eclipse.lsp4j.jsonrpc.RemoteEndpoint handleCancellation
WARNING: Unmatched cancel notification for request id 1495
Exception in thread "pool-3-thread-1" dotty.tools.dotc.core.TypeError: Toplevel definition P is defined in
  /media/vudle/Working documents/HDL/Chisel/DQN-FPGA/src/main/scala/dnn/PE.scala
and also in
  /media/vudle/Working documents/HDL/Chisel/DQN-FPGA/src/main/scala/dnn/PE.scala
One of these files should be removed from the classpath.
	at dotty.tools.dotc.core.SymDenotations$PackageClassDenotation.dropStale$1(SymDenotations.scala:2439)
	at dotty.tools.dotc.core.SymDenotations$PackageClassDenotation.recur$1(SymDenotations.scala:2403)
	at dotty.tools.dotc.core.SymDenotations$PackageClassDenotation.computeMembersNamed(SymDenotations.scala:2459)
	at dotty.tools.dotc.core.SymDenotations$ClassDenotation.membersNamed(SymDenotations.scala:2012)
	at dotty.tools.dotc.core.SymDenotations$ClassDenotation.findMember(SymDenotations.scala:2063)
	at dotty.tools.dotc.core.Types$Type.go$1(Types.scala:683)
	at dotty.tools.dotc.core.Types$Type.goThis$1(Types.scala:807)
	at dotty.tools.dotc.core.Types$Type.go$1(Types.scala:700)
	at dotty.tools.dotc.core.Types$Type.findMember(Types.scala:870)
	at dotty.tools.dotc.core.Types$Type.memberBasedOnFlags(Types.scala:666)
	at dotty.tools.dotc.core.Types$Type.member(Types.scala:650)
	at dotty.tools.dotc.core.Types$Type.allMembers$$anonfun$1(Types.scala:1011)
	at scala.runtime.function.JProcedure2.apply(JProcedure2.java:15)
	at scala.runtime.function.JProcedure2.apply(JProcedure2.java:10)
	at dotty.tools.dotc.core.Types$Type.memberDenots$$anonfun$1(Types.scala:916)
	at scala.runtime.function.JProcedure1.apply(JProcedure1.java:15)
	at scala.runtime.function.JProcedure1.apply(JProcedure1.java:10)
	at scala.collection.immutable.BitmapIndexedSetNode.foreach(HashSet.scala:937)
	at scala.collection.immutable.HashSet.foreach(HashSet.scala:944)
	at dotty.tools.dotc.core.Types$Type.memberDenots(Types.scala:916)
	at dotty.tools.dotc.core.Types$Type.allMembers(Types.scala:1011)
	at scala.meta.internal.pc.IndexedContext$.accesibleMembers$1(IndexedContext.scala:127)
	at scala.meta.internal.pc.IndexedContext$.scala$meta$internal$pc$IndexedContext$$$extractNames(IndexedContext.scala:184)
	at scala.meta.internal.pc.IndexedContext$LazyWrapper.<init>(IndexedContext.scala:77)
	at scala.meta.internal.pc.IndexedContext$.apply(IndexedContext.scala:65)
	at scala.meta.internal.pc.IndexedContext$LazyWrapper.<init>(IndexedContext.scala:76)
	at scala.meta.internal.pc.IndexedContext$.apply(IndexedContext.scala:65)
	at scala.meta.internal.pc.IndexedContext$LazyWrapper.<init>(IndexedContext.scala:76)
	at scala.meta.internal.pc.IndexedContext$.apply(IndexedContext.scala:65)
	at scala.meta.internal.pc.IndexedContext$LazyWrapper.<init>(IndexedContext.scala:76)
	at scala.meta.internal.pc.IndexedContext$.apply(IndexedContext.scala:65)
	at scala.meta.internal.pc.IndexedContext$LazyWrapper.<init>(IndexedContext.scala:76)
	at scala.meta.internal.pc.IndexedContext$.apply(IndexedContext.scala:65)
	at scala.meta.internal.pc.IndexedContext$LazyWrapper.<init>(IndexedContext.scala:76)
	at scala.meta.internal.pc.IndexedContext$.apply(IndexedContext.scala:65)
	at scala.meta.internal.pc.IndexedContext$LazyWrapper.<init>(IndexedContext.scala:76)
	at scala.meta.internal.pc.IndexedContext$.apply(IndexedContext.scala:65)
	at scala.meta.internal.pc.IndexedContext$LazyWrapper.<init>(IndexedContext.scala:76)
	at scala.meta.internal.pc.IndexedContext$.apply(IndexedContext.scala:65)
	at scala.meta.internal.pc.ScalaPresentationCompiler.complete$$anonfun$1(ScalaPresentationCompiler.scala:155)
	at scala.meta.internal.pc.CompilerAccess.withSharedCompiler(CompilerAccess.scala:137)
	at scala.meta.internal.pc.CompilerAccess.$anonfun$1(CompilerAccess.scala:87)
	at scala.meta.internal.pc.CompilerAccess.onCompilerJobQueue$$anonfun$1(CompilerAccess.scala:197)
	at scala.meta.internal.pc.CompilerJobQueue$Job.run(CompilerJobQueue.scala:139)
	at java.base/java.util.concurrent.ThreadPoolExecutor.runWorker(ThreadPoolExecutor.java:1128)
	at java.base/java.util.concurrent.ThreadPoolExecutor$Worker.run(ThreadPoolExecutor.java:628)
	at java.base/java.lang.Thread.run(Thread.java:829)
Exception in thread "pool-3-thread-2" dotty.tools.dotc.core.TypeError: Toplevel definition P is defined in
  /media/vudle/Working documents/HDL/Chisel/DQN-FPGA/src/main/scala/dnn/PE.scala
and also in
  /media/vudle/Working documents/HDL/Chisel/DQN-FPGA/src/main/scala/dnn/PE.scala
One of these files should be removed from the classpath.
	at dotty.tools.dotc.core.SymDenotations$PackageClassDenotation.dropStale$1(SymDenotations.scala:2439)
	at dotty.tools.dotc.core.SymDenotations$PackageClassDenotation.recur$1(SymDenotations.scala:2403)
	at dotty.tools.dotc.core.SymDenotations$PackageClassDenotation.computeMembersNamed(SymDenotations.scala:2459)
	at dotty.tools.dotc.core.SymDenotations$ClassDenotation.membersNamed(SymDenotations.scala:2012)
	at dotty.tools.dotc.core.SymDenotations$ClassDenotation.findMember(SymDenotations.scala:2063)
	at dotty.tools.dotc.core.Types$Type.go$1(Types.scala:683)
	at dotty.tools.dotc.core.Types$Type.goThis$1(Types.scala:807)
	at dotty.tools.dotc.core.Types$Type.go$1(Types.scala:700)
	at dotty.tools.dotc.core.Types$Type.findMember(Types.scala:870)
	at dotty.tools.dotc.core.Types$Type.memberBasedOnFlags(Types.scala:666)
	at dotty.tools.dotc.core.Types$Type.member(Types.scala:650)
	at dotty.tools.dotc.core.Types$Type.allMembers$$anonfun$1(Types.scala:1011)
	at scala.runtime.function.JProcedure2.apply(JProcedure2.java:15)
	at scala.runtime.function.JProcedure2.apply(JProcedure2.java:10)
	at dotty.tools.dotc.core.Types$Type.memberDenots$$anonfun$1(Types.scala:916)
	at scala.runtime.function.JProcedure1.apply(JProcedure1.java:15)
	at scala.runtime.function.JProcedure1.apply(JProcedure1.java:10)
	at scala.collection.immutable.BitmapIndexedSetNode.foreach(HashSet.scala:937)
	at scala.collection.immutable.HashSet.foreach(HashSet.scala:944)
	at dotty.tools.dotc.core.Types$Type.memberDenots(Types.scala:916)
	at dotty.tools.dotc.core.Types$Type.allMembers(Types.scala:1011)
	at scala.meta.internal.pc.IndexedContext$.accesibleMembers$1(IndexedContext.scala:127)
	at scala.meta.internal.pc.IndexedContext$.scala$meta$internal$pc$IndexedContext$$$extractNames(IndexedContext.scala:184)
	at scala.meta.internal.pc.IndexedContext$LazyWrapper.<init>(IndexedContext.scala:77)
	at scala.meta.internal.pc.IndexedContext$.apply(IndexedContext.scala:65)
	at scala.meta.internal.pc.IndexedContext$LazyWrapper.<init>(IndexedContext.scala:76)
	at scala.meta.internal.pc.IndexedContext$.apply(IndexedContext.scala:65)
	at scala.meta.internal.pc.IndexedContext$LazyWrapper.<init>(IndexedContext.scala:76)
	at scala.meta.internal.pc.IndexedContext$.apply(IndexedContext.scala:65)
	at scala.meta.internal.pc.IndexedContext$LazyWrapper.<init>(IndexedContext.scala:76)
	at scala.meta.internal.pc.IndexedContext$.apply(IndexedContext.scala:65)
	at scala.meta.internal.pc.IndexedContext$LazyWrapper.<init>(IndexedContext.scala:76)
	at scala.meta.internal.pc.IndexedContext$.apply(IndexedContext.scala:65)
	at scala.meta.internal.pc.IndexedContext$LazyWrapper.<init>(IndexedContext.scala:76)
	at scala.meta.internal.pc.IndexedContext$.apply(IndexedContext.scala:65)
	at scala.meta.internal.pc.IndexedContext$LazyWrapper.<init>(IndexedContext.scala:76)
	at scala.meta.internal.pc.IndexedContext$.apply(IndexedContext.scala:65)
	at scala.meta.internal.pc.IndexedContext$LazyWrapper.<init>(IndexedContext.scala:76)
	at scala.meta.internal.pc.IndexedContext$.apply(IndexedContext.scala:65)
	at scala.meta.internal.pc.IndexedContext$LazyWrapper.<init>(IndexedContext.scala:76)
	at scala.meta.internal.pc.IndexedContext$.apply(IndexedContext.scala:65)
	at scala.meta.internal.pc.ScalaPresentationCompiler.complete$$anonfun$1(ScalaPresentationCompiler.scala:155)
	at scala.meta.internal.pc.CompilerAccess.withSharedCompiler(CompilerAccess.scala:137)
	at scala.meta.internal.pc.CompilerAccess.$anonfun$1(CompilerAccess.scala:87)
	at scala.meta.internal.pc.CompilerAccess.onCompilerJobQueue$$anonfun$1(CompilerAccess.scala:197)
	at scala.meta.internal.pc.CompilerJobQueue$Job.run(CompilerJobQueue.scala:139)
	at java.base/java.util.concurrent.ThreadPoolExecutor.runWorker(ThreadPoolExecutor.java:1128)
	at java.base/java.util.concurrent.ThreadPoolExecutor$Worker.run(ThreadPoolExecutor.java:628)
	at java.base/java.lang.Thread.run(Thread.java:829)
Exception in thread "pool-3-thread-3" dotty.tools.dotc.core.TypeError: Toplevel definition P is defined in
  /media/vudle/Working documents/HDL/Chisel/DQN-FPGA/src/main/scala/dnn/PE.scala
and also in
  /media/vudle/Working documents/HDL/Chisel/DQN-FPGA/src/main/scala/dnn/PE.scala
One of these files should be removed from the classpath.
	at dotty.tools.dotc.core.SymDenotations$PackageClassDenotation.dropStale$1(SymDenotations.scala:2439)
	at dotty.tools.dotc.core.SymDenotations$PackageClassDenotation.recur$1(SymDenotations.scala:2403)
	at dotty.tools.dotc.core.SymDenotations$PackageClassDenotation.computeMembersNamed(SymDenotations.scala:2459)
	at dotty.tools.dotc.core.SymDenotations$ClassDenotation.membersNamed(SymDenotations.scala:2012)
	at dotty.tools.dotc.core.SymDenotations$ClassDenotation.findMember(SymDenotations.scala:2063)
	at dotty.tools.dotc.core.Types$Type.go$1(Types.scala:683)
	at dotty.tools.dotc.core.Types$Type.goThis$1(Types.scala:807)
	at dotty.tools.dotc.core.Types$Type.go$1(Types.scala:700)
	at dotty.tools.dotc.core.Types$Type.findMember(Types.scala:870)
	at dotty.tools.dotc.core.Types$Type.memberBasedOnFlags(Types.scala:666)
	at dotty.tools.dotc.core.Types$Type.member(Types.scala:650)
	at dotty.tools.dotc.core.Types$Type.allMembers$$anonfun$1(Types.scala:1011)
	at scala.runtime.function.JProcedure2.apply(JProcedure2.java:15)
	at scala.runtime.function.JProcedure2.apply(JProcedure2.java:10)
	at dotty.tools.dotc.core.Types$Type.memberDenots$$anonfun$1(Types.scala:916)
	at scala.runtime.function.JProcedure1.apply(JProcedure1.java:15)
	at scala.runtime.function.JProcedure1.apply(JProcedure1.java:10)
	at scala.collection.immutable.BitmapIndexedSetNode.foreach(HashSet.scala:937)
	at scala.collection.immutable.HashSet.foreach(HashSet.scala:944)
	at dotty.tools.dotc.core.Types$Type.memberDenots(Types.scala:916)
	at dotty.tools.dotc.core.Types$Type.allMembers(Types.scala:1011)
	at scala.meta.internal.pc.IndexedContext$.accesibleMembers$1(IndexedContext.scala:127)
	at scala.meta.internal.pc.IndexedContext$.scala$meta$internal$pc$IndexedContext$$$extractNames(IndexedContext.scala:184)
	at scala.meta.internal.pc.IndexedContext$LazyWrapper.<init>(IndexedContext.scala:77)
	at scala.meta.internal.pc.IndexedContext$.apply(IndexedContext.scala:65)
	at scala.meta.internal.pc.IndexedContext$LazyWrapper.<init>(IndexedContext.scala:76)
	at scala.meta.internal.pc.IndexedContext$.apply(IndexedContext.scala:65)
	at scala.meta.internal.pc.IndexedContext$LazyWrapper.<init>(IndexedContext.scala:76)
	at scala.meta.internal.pc.IndexedContext$.apply(IndexedContext.scala:65)
	at scala.meta.internal.pc.IndexedContext$LazyWrapper.<init>(IndexedContext.scala:76)
	at scala.meta.internal.pc.IndexedContext$.apply(IndexedContext.scala:65)
	at scala.meta.internal.pc.IndexedContext$LazyWrapper.<init>(IndexedContext.scala:76)
	at scala.meta.internal.pc.IndexedContext$.apply(IndexedContext.scala:65)
	at scala.meta.internal.pc.IndexedContext$LazyWrapper.<init>(IndexedContext.scala:76)
	at scala.meta.internal.pc.IndexedContext$.apply(IndexedContext.scala:65)
	at scala.meta.internal.pc.IndexedContext$LazyWrapper.<init>(IndexedContext.scala:76)
	at scala.meta.internal.pc.IndexedContext$.apply(IndexedContext.scala:65)
	at scala.meta.internal.pc.IndexedContext$LazyWrapper.<init>(IndexedContext.scala:76)
	at scala.meta.internal.pc.IndexedContext$.apply(IndexedContext.scala:65)
	at scala.meta.internal.pc.IndexedContext$LazyWrapper.<init>(IndexedContext.scala:76)
	at scala.meta.internal.pc.IndexedContext$.apply(IndexedContext.scala:65)
	at scala.meta.internal.pc.ScalaPresentationCompiler.complete$$anonfun$1(ScalaPresentationCompiler.scala:155)
	at scala.meta.internal.pc.CompilerAccess.withSharedCompiler(CompilerAccess.scala:137)
	at scala.meta.internal.pc.CompilerAccess.$anonfun$1(CompilerAccess.scala:87)
	at scala.meta.internal.pc.CompilerAccess.onCompilerJobQueue$$anonfun$1(CompilerAccess.scala:197)
	at scala.meta.internal.pc.CompilerJobQueue$Job.run(CompilerJobQueue.scala:139)
	at java.base/java.util.concurrent.ThreadPoolExecutor.runWorker(ThreadPoolExecutor.java:1128)
	at java.base/java.util.concurrent.ThreadPoolExecutor$Worker.run(ThreadPoolExecutor.java:628)
	at java.base/java.lang.Thread.run(Thread.java:829)
[0m2021.12.18 21:33:05 WARN  no build target for: /media/vudle/Working documents/HDL/Chisel/DQN-FPGA/src/main/scala/dnn/PE.scala[0m
Dec 18, 2021 9:33:09 PM org.eclipse.lsp4j.jsonrpc.RemoteEndpoint handleCancellation
WARNING: Unmatched cancel notification for request id 1805
[0m2021.12.18 21:34:04 WARN  no build target for: /media/vudle/Working documents/HDL/Chisel/DQN-FPGA/src/main/scala/dnn/DualPortedMem.scala[0m
Dec 18, 2021 9:44:48 PM org.eclipse.lsp4j.jsonrpc.RemoteEndpoint handleCancellation
WARNING: Unmatched cancel notification for request id 2593
[0m2021.12.18 21:45:30 WARN  no build target for: /media/vudle/Working documents/HDL/Chisel/DQN-FPGA/src/main/scala/dnn/PE.scala[0m
[0m2021.12.18 23:29:40 INFO  shutting down Metals[0m
[0m2021.12.19 10:47:21 INFO  Started: Metals version 0.10.9 in workspace '/media/vudle/Working documents/HDL/Chisel/DQN-FPGA/src' for client Visual Studio Code 1.62.2.[0m
[0m2021.12.19 10:47:23 INFO  time: initialize in 2.51s[0m
[0m2021.12.19 10:47:24 WARN  Build server is not auto-connectable.[0m
[0m2021.12.19 10:47:24 WARN  no build tool detected in workspace '/media/vudle/Working documents/HDL/Chisel/DQN-FPGA/src'. The most common cause for this problem is that the editor was opened in the wrong working directory, for example if you use sbt then the workspace directory should contain build.sbt. [0m
[0m2021.12.19 10:47:25 WARN  no build target for: /media/vudle/Working documents/HDL/Chisel/DQN-FPGA/src/main/scala/dnn/PEArray.scala[0m
[0m2021.12.19 10:47:25 WARN  no build target for: /media/vudle/Working documents/HDL/Chisel/DQN-FPGA/src/main/scala/dnn/PE.scala[0m
[0m2021.12.19 10:47:28 INFO  no build target: using presentation compiler with only scala-library: 3.1.0[0m
[0m2021.12.19 10:47:32 INFO  time: code lens generation in 6.76s[0m
[0m2021.12.19 10:47:32 INFO  time: code lens generation in 6.77s[0m
[0m2021.12.19 11:17:23 WARN  no build target for: /media/vudle/Working documents/HDL/Chisel/DQN-FPGA/src/test/scala/dnn/PETester.scala[0m
Dec 19, 2021 11:18:54 AM org.eclipse.lsp4j.jsonrpc.RemoteEndpoint handleCancellation
WARNING: Unmatched cancel notification for request id 263
[0m2021.12.19 11:19:07 WARN  no build target for: /media/vudle/Working documents/HDL/Chisel/DQN-FPGA/src/test/scala/dnn/PETester.scala[0m
[0m2021.12.19 11:19:17 WARN  no build target for: /media/vudle/Working documents/HDL/Chisel/DQN-FPGA/src/test/scala/dnn/PETester.scala[0m
[0m2021.12.19 11:20:04 WARN  no build target for: /media/vudle/Working documents/HDL/Chisel/DQN-FPGA/src/test/scala/dnn/PETester.scala[0m
[0m2021.12.19 11:21:11 WARN  no build target for: /media/vudle/Working documents/HDL/Chisel/DQN-FPGA/src/main/scala/dnn/PE.scala[0m
[0m2021.12.19 11:22:35 WARN  no build target for: /media/vudle/Working documents/HDL/Chisel/DQN-FPGA/src/test/scala/dnn/PETester.scala[0m
[0m2021.12.19 11:24:07 WARN  no build target for: /media/vudle/Working documents/HDL/Chisel/DQN-FPGA/src/test/scala/dnn/PETester.scala[0m
[0m2021.12.19 11:26:33 WARN  no build target for: /media/vudle/Working documents/HDL/Chisel/DQN-FPGA/src/test/scala/dnn/PETester.scala[0m
[0m2021.12.19 12:22:43 INFO  time: code lens generation in 1.44s[0m
[0m2021.12.19 12:22:45 WARN  no build target for: /media/vudle/Working documents/HDL/Chisel/DQN-FPGA/src/test/scala/dnn/FixedPointSoftware.scala[0m
[0m2021.12.19 12:26:05 WARN  no build target for: /media/vudle/Working documents/HDL/Chisel/DQN-FPGA/src/test/scala/dnn/FixedPointSoftware.scala[0m
Dec 19, 2021 3:11:12 PM org.eclipse.lsp4j.jsonrpc.RemoteEndpoint handleCancellation
WARNING: Unmatched cancel notification for request id 1185
[0m2021.12.19 15:12:01 WARN  no build target for: /media/vudle/Working documents/HDL/Chisel/DQN-FPGA/src/test/scala/dnn/PETester.scala[0m
[0m2021.12.19 15:13:08 WARN  no build target for: /media/vudle/Working documents/HDL/Chisel/DQN-FPGA/src/test/scala/dnn/PETester.scala[0m
[0m2021.12.19 15:13:56 WARN  no build target for: /media/vudle/Working documents/HDL/Chisel/DQN-FPGA/src/test/scala/dnn/FixedPointSoftware.scala[0m
Dec 19, 2021 3:14:38 PM org.eclipse.lsp4j.jsonrpc.RemoteEndpoint handleCancellation
WARNING: Unmatched cancel notification for request id 1570
[0m2021.12.19 15:14:55 WARN  no build target for: /media/vudle/Working documents/HDL/Chisel/DQN-FPGA/src/test/scala/dnn/PETester.scala[0m
[0m2021.12.19 15:17:02 INFO  shutting down Metals[0m
